<?xml version="1.0" encoding="UTF-8"?>
<testng-results skipped="0" failed="0" total="0" passed="0">
  <reporter-output>
  </reporter-output>
  <suite name="CucumberFramework.AppTest" duration-ms="1" started-at="2018-11-07T00:46:29Z" finished-at="2018-11-07T00:46:29Z">
    <groups>
    </groups>
    <test name="Command line test" duration-ms="1" started-at="2018-11-07T00:46:29Z" finished-at="2018-11-07T00:46:29Z">
    </test> <!-- Command line test -->
  </suite> <!-- CucumberFramework.AppTest -->
</testng-results>
